<?xml version="1.0" encoding="UTF-8"?>
<testng-results skipped="0" failed="0" ignored="0" total="1" passed="1">
  <reporter-output>
  </reporter-output>
  <suite name="Suite" duration-ms="6410" started-at="2018-02-24T20:19:24Z" finished-at="2018-02-24T20:19:30Z">
    <groups>
    </groups>
    <test name="Test" duration-ms="6410" started-at="2018-02-24T20:19:24Z" finished-at="2018-02-24T20:19:30Z">
      <class name="NewTest.AppTestTest">
        <test-method status="PASS" signature="beforeTest()[pri:0, instance:NewTest.AppTestTest@1e67b872]" name="beforeTest" is-config="true" duration-ms="3201" started-at="2018-02-24T20:19:24Z" finished-at="2018-02-24T20:19:27Z">
          <reporter-output>
          </reporter-output>
        </test-method> <!-- beforeTest -->
        <test-method status="PASS" signature="Maven()[pri:0, instance:NewTest.AppTestTest@1e67b872]" name="Maven" duration-ms="3198" started-at="2018-02-24T20:19:27Z" finished-at="2018-02-24T20:19:30Z">
          <reporter-output>
          </reporter-output>
        </test-method> <!-- Maven -->
        <test-method status="PASS" signature="afterTest()[pri:0, instance:NewTest.AppTestTest@1e67b872]" name="afterTest" is-config="true" duration-ms="0" started-at="2018-02-24T20:19:30Z" finished-at="2018-02-24T20:19:30Z">
          <reporter-output>
          </reporter-output>
        </test-method> <!-- afterTest -->
      </class> <!-- NewTest.AppTestTest -->
    </test> <!-- Test -->
  </suite> <!-- Suite -->
</testng-results>
