<?xml version="1.0" encoding="UTF-8"?>
<testng-results skipped="0" failed="0" ignored="0" total="1" passed="1">
  <reporter-output>
  </reporter-output>
  <suite name="Default suite" duration-ms="5081" started-at="2018-02-24T20:18:10Z" finished-at="2018-02-24T20:18:15Z">
    <groups>
    </groups>
    <test name="Default test" duration-ms="5081" started-at="2018-02-24T20:18:10Z" finished-at="2018-02-24T20:18:15Z">
      <class name="NewTest.AppTestTest">
        <test-method status="PASS" signature="beforeTest()[pri:0, instance:NewTest.AppTestTest@36061cf3]" name="beforeTest" is-config="true" duration-ms="2653" started-at="2018-02-24T15:18:10Z" finished-at="2018-02-24T15:18:12Z">
          <reporter-output>
          </reporter-output>
        </test-method> <!-- beforeTest -->
        <test-method status="PASS" signature="Maven()[pri:0, instance:NewTest.AppTestTest@36061cf3]" name="Maven" duration-ms="2389" started-at="2018-02-24T15:18:12Z" finished-at="2018-02-24T15:18:15Z">
          <reporter-output>
          </reporter-output>
        </test-method> <!-- Maven -->
        <test-method status="PASS" signature="afterTest()[pri:0, instance:NewTest.AppTestTest@36061cf3]" name="afterTest" is-config="true" duration-ms="0" started-at="2018-02-24T15:18:15Z" finished-at="2018-02-24T15:18:15Z">
          <reporter-output>
          </reporter-output>
        </test-method> <!-- afterTest -->
      </class> <!-- NewTest.AppTestTest -->
    </test> <!-- Default test -->
  </suite> <!-- Default suite -->
</testng-results>
